<?xml version="1.0" encoding="utf-8"?>
<TestRun id="a3ee61e8-3505-44dd-a3c7-bdbd2dec75de" name="@Tutu17 2025-11-19 03:19:35" xmlns="http://microsoft.com/schemas/VisualStudio/TeamTest/2010">
  <Times creation="2025-11-19T03:19:35.7495469+08:00" queuing="2025-11-19T03:19:35.7495470+08:00" start="2025-11-19T03:19:34.1738224+08:00" finish="2025-11-19T03:19:35.7601873+08:00" />
  <TestSettings name="default" id="7b79702e-3cf3-48f4-8b17-9dc4102fafe6">
    <Deployment runDeploymentRoot="_Tutu17_2025-11-19_03_19_35" />
  </TestSettings>
  <Results>
    <UnitTestResult executionId="c1cfe3e6-93fb-4777-a7a2-a5a91a296f63" testId="ac55c292-3380-5a06-e586-7d09d579f51a" testName="Xi.Core.Tests.GraphemeNavigatorSmokeTests.MovePreviousAcrossEmojiSequenceRewindsEntireCluster" computerName="Tutu17" duration="00:00:00.0003755" startTime="2025-11-19T03:19:35.4797428+08:00" endTime="2025-11-19T03:19:35.4797429+08:00" testType="13cdc9d9-ddb5-4fa4-a97d-d965ccfc6d4b" outcome="Passed" testListId="8c84fa94-04c1-424b-9868-57a2d4851a1d" relativeResultsDirectory="c1cfe3e6-93fb-4777-a7a2-a5a91a296f63" />
    <UnitTestResult executionId="8d0aa724-2026-46c5-8392-fe93bd57bb92" testId="3e7ed428-8507-028d-1b61-ca7dca7bd95c" testName="Xi.Core.Tests.GraphemeNavigatorSmokeTests.MoveNextAcrossSurrogatePairAdvancesTwoCodeUnits" computerName="Tutu17" duration="00:00:00.0267342" startTime="2025-11-19T03:19:35.4720296+08:00" endTime="2025-11-19T03:19:35.4720801+08:00" testType="13cdc9d9-ddb5-4fa4-a97d-d965ccfc6d4b" outcome="Passed" testListId="8c84fa94-04c1-424b-9868-57a2d4851a1d" relativeResultsDirectory="8d0aa724-2026-46c5-8392-fe93bd57bb92" />
    <UnitTestResult executionId="ef02bb37-213d-4b94-8c05-88b3cd36d17b" testId="dcf3ce9c-5b84-c610-66f7-79cd6dca5988" testName="Xi.Core.Tests.GraphemeNavigatorSmokeTests.CrossLeafGraphemeRequestsNeighborTelemetry" computerName="Tutu17" duration="00:00:00.0061356" startTime="2025-11-19T03:19:35.4790751+08:00" endTime="2025-11-19T03:19:35.4790752+08:00" testType="13cdc9d9-ddb5-4fa4-a97d-d965ccfc6d4b" outcome="Passed" testListId="8c84fa94-04c1-424b-9868-57a2d4851a1d" relativeResultsDirectory="ef02bb37-213d-4b94-8c05-88b3cd36d17b" />
  </Results>
  <TestDefinitions>
    <UnitTest name="Xi.Core.Tests.GraphemeNavigatorSmokeTests.CrossLeafGraphemeRequestsNeighborTelemetry" storage="/repos/xi-editor-sharp/tests/xi.core.tests/bin/debug/net9.0/xi.core.tests.dll" id="dcf3ce9c-5b84-c610-66f7-79cd6dca5988">
      <Execution id="ef02bb37-213d-4b94-8c05-88b3cd36d17b" />
      <TestMethod codeBase="/repos/xi-editor-sharp/tests/xi.Core.Tests/bin/Debug/net9.0/xi.Core.Tests.dll" adapterTypeName="executor://xunit/VsTestRunner2/netcoreapp" className="Xi.Core.Tests.GraphemeNavigatorSmokeTests" name="CrossLeafGraphemeRequestsNeighborTelemetry" />
    </UnitTest>
    <UnitTest name="Xi.Core.Tests.GraphemeNavigatorSmokeTests.MoveNextAcrossSurrogatePairAdvancesTwoCodeUnits" storage="/repos/xi-editor-sharp/tests/xi.core.tests/bin/debug/net9.0/xi.core.tests.dll" id="3e7ed428-8507-028d-1b61-ca7dca7bd95c">
      <Execution id="8d0aa724-2026-46c5-8392-fe93bd57bb92" />
      <TestMethod codeBase="/repos/xi-editor-sharp/tests/xi.Core.Tests/bin/Debug/net9.0/xi.Core.Tests.dll" adapterTypeName="executor://xunit/VsTestRunner2/netcoreapp" className="Xi.Core.Tests.GraphemeNavigatorSmokeTests" name="MoveNextAcrossSurrogatePairAdvancesTwoCodeUnits" />
    </UnitTest>
    <UnitTest name="Xi.Core.Tests.GraphemeNavigatorSmokeTests.MovePreviousAcrossEmojiSequenceRewindsEntireCluster" storage="/repos/xi-editor-sharp/tests/xi.core.tests/bin/debug/net9.0/xi.core.tests.dll" id="ac55c292-3380-5a06-e586-7d09d579f51a">
      <Execution id="c1cfe3e6-93fb-4777-a7a2-a5a91a296f63" />
      <TestMethod codeBase="/repos/xi-editor-sharp/tests/xi.Core.Tests/bin/Debug/net9.0/xi.Core.Tests.dll" adapterTypeName="executor://xunit/VsTestRunner2/netcoreapp" className="Xi.Core.Tests.GraphemeNavigatorSmokeTests" name="MovePreviousAcrossEmojiSequenceRewindsEntireCluster" />
    </UnitTest>
  </TestDefinitions>
  <TestEntries>
    <TestEntry testId="ac55c292-3380-5a06-e586-7d09d579f51a" executionId="c1cfe3e6-93fb-4777-a7a2-a5a91a296f63" testListId="8c84fa94-04c1-424b-9868-57a2d4851a1d" />
    <TestEntry testId="3e7ed428-8507-028d-1b61-ca7dca7bd95c" executionId="8d0aa724-2026-46c5-8392-fe93bd57bb92" testListId="8c84fa94-04c1-424b-9868-57a2d4851a1d" />
    <TestEntry testId="dcf3ce9c-5b84-c610-66f7-79cd6dca5988" executionId="ef02bb37-213d-4b94-8c05-88b3cd36d17b" testListId="8c84fa94-04c1-424b-9868-57a2d4851a1d" />
  </TestEntries>
  <TestLists>
    <TestList name="Results Not in a List" id="8c84fa94-04c1-424b-9868-57a2d4851a1d" />
    <TestList name="All Loaded Results" id="19431567-8539-422a-85d7-44ee4e166bda" />
  </TestLists>
  <ResultSummary outcome="Completed">
    <Counters total="3" executed="3" passed="3" failed="0" error="0" timeout="0" aborted="0" inconclusive="0" passedButRunAborted="0" notRunnable="0" notExecuted="0" disconnected="0" warning="0" completed="0" inProgress="0" pending="0" />
    <Output>
      <StdOut>[xUnit.net 00:00:00.00] xUnit.net VSTest Adapter v2.8.2+699d445a1a (64-bit .NET 9.0.11)
[xUnit.net 00:00:00.11]   Discovering: xi.Core.Tests
[xUnit.net 00:00:00.46]   Discovered:  xi.Core.Tests
[xUnit.net 00:00:00.48]   Starting:    xi.Core.Tests
[xUnit.net 00:00:00.60]   Finished:    xi.Core.Tests
</StdOut>
    </Output>
  </ResultSummary>
</TestRun>