<?xml version="1.0" encoding="utf-8"?>
<TestRun id="3813c3eb-571f-4310-8405-448a0c4e7336" name="@Tutu17 2025-11-19 03:13:13" xmlns="http://microsoft.com/schemas/VisualStudio/TeamTest/2010">
  <Times creation="2025-11-19T03:13:13.7852475+08:00" queuing="2025-11-19T03:13:13.7852476+08:00" start="2025-11-19T03:13:12.1118797+08:00" finish="2025-11-19T03:13:13.7946962+08:00" />
  <TestSettings name="default" id="59854d5f-6756-48e0-adc3-963b71c0be23">
    <Deployment runDeploymentRoot="_Tutu17_2025-11-19_03_13_13" />
  </TestSettings>
  <Results>
    <UnitTestResult executionId="b13cad7a-1849-48b6-8874-a844857d3ec2" testId="3e7ed428-8507-028d-1b61-ca7dca7bd95c" testName="Xi.Core.Tests.GraphemeNavigatorSmokeTests.MoveNextAcrossSurrogatePairAdvancesTwoCodeUnits" computerName="Tutu17" duration="00:00:00.0278163" startTime="2025-11-19T03:13:13.4853966+08:00" endTime="2025-11-19T03:13:13.4854559+08:00" testType="13cdc9d9-ddb5-4fa4-a97d-d965ccfc6d4b" outcome="Passed" testListId="8c84fa94-04c1-424b-9868-57a2d4851a1d" relativeResultsDirectory="b13cad7a-1849-48b6-8874-a844857d3ec2" />
    <UnitTestResult executionId="652cdddc-5327-4b84-ac20-0b1d277a49a7" testId="dcf3ce9c-5b84-c610-66f7-79cd6dca5988" testName="Xi.Core.Tests.GraphemeNavigatorSmokeTests.CrossLeafGraphemeRequestsNeighborTelemetry" computerName="Tutu17" duration="00:00:00.0059264" startTime="2025-11-19T03:13:13.4932371+08:00" endTime="2025-11-19T03:13:13.4932372+08:00" testType="13cdc9d9-ddb5-4fa4-a97d-d965ccfc6d4b" outcome="Passed" testListId="8c84fa94-04c1-424b-9868-57a2d4851a1d" relativeResultsDirectory="652cdddc-5327-4b84-ac20-0b1d277a49a7" />
    <UnitTestResult executionId="7b1d54e1-0309-4906-b08f-8c7a4abdaf3e" testId="ac55c292-3380-5a06-e586-7d09d579f51a" testName="Xi.Core.Tests.GraphemeNavigatorSmokeTests.MovePreviousAcrossEmojiSequenceRewindsEntireCluster" computerName="Tutu17" duration="00:00:00.0003835" startTime="2025-11-19T03:13:13.4942333+08:00" endTime="2025-11-19T03:13:13.4942334+08:00" testType="13cdc9d9-ddb5-4fa4-a97d-d965ccfc6d4b" outcome="Passed" testListId="8c84fa94-04c1-424b-9868-57a2d4851a1d" relativeResultsDirectory="7b1d54e1-0309-4906-b08f-8c7a4abdaf3e" />
  </Results>
  <TestDefinitions>
    <UnitTest name="Xi.Core.Tests.GraphemeNavigatorSmokeTests.CrossLeafGraphemeRequestsNeighborTelemetry" storage="/repos/xi-editor-sharp/tests/xi.core.tests/bin/debug/net9.0/xi.core.tests.dll" id="dcf3ce9c-5b84-c610-66f7-79cd6dca5988">
      <Execution id="652cdddc-5327-4b84-ac20-0b1d277a49a7" />
      <TestMethod codeBase="/repos/xi-editor-sharp/tests/xi.Core.Tests/bin/Debug/net9.0/xi.Core.Tests.dll" adapterTypeName="executor://xunit/VsTestRunner2/netcoreapp" className="Xi.Core.Tests.GraphemeNavigatorSmokeTests" name="CrossLeafGraphemeRequestsNeighborTelemetry" />
    </UnitTest>
    <UnitTest name="Xi.Core.Tests.GraphemeNavigatorSmokeTests.MoveNextAcrossSurrogatePairAdvancesTwoCodeUnits" storage="/repos/xi-editor-sharp/tests/xi.core.tests/bin/debug/net9.0/xi.core.tests.dll" id="3e7ed428-8507-028d-1b61-ca7dca7bd95c">
      <Execution id="b13cad7a-1849-48b6-8874-a844857d3ec2" />
      <TestMethod codeBase="/repos/xi-editor-sharp/tests/xi.Core.Tests/bin/Debug/net9.0/xi.Core.Tests.dll" adapterTypeName="executor://xunit/VsTestRunner2/netcoreapp" className="Xi.Core.Tests.GraphemeNavigatorSmokeTests" name="MoveNextAcrossSurrogatePairAdvancesTwoCodeUnits" />
    </UnitTest>
    <UnitTest name="Xi.Core.Tests.GraphemeNavigatorSmokeTests.MovePreviousAcrossEmojiSequenceRewindsEntireCluster" storage="/repos/xi-editor-sharp/tests/xi.core.tests/bin/debug/net9.0/xi.core.tests.dll" id="ac55c292-3380-5a06-e586-7d09d579f51a">
      <Execution id="7b1d54e1-0309-4906-b08f-8c7a4abdaf3e" />
      <TestMethod codeBase="/repos/xi-editor-sharp/tests/xi.Core.Tests/bin/Debug/net9.0/xi.Core.Tests.dll" adapterTypeName="executor://xunit/VsTestRunner2/netcoreapp" className="Xi.Core.Tests.GraphemeNavigatorSmokeTests" name="MovePreviousAcrossEmojiSequenceRewindsEntireCluster" />
    </UnitTest>
  </TestDefinitions>
  <TestEntries>
    <TestEntry testId="3e7ed428-8507-028d-1b61-ca7dca7bd95c" executionId="b13cad7a-1849-48b6-8874-a844857d3ec2" testListId="8c84fa94-04c1-424b-9868-57a2d4851a1d" />
    <TestEntry testId="dcf3ce9c-5b84-c610-66f7-79cd6dca5988" executionId="652cdddc-5327-4b84-ac20-0b1d277a49a7" testListId="8c84fa94-04c1-424b-9868-57a2d4851a1d" />
    <TestEntry testId="ac55c292-3380-5a06-e586-7d09d579f51a" executionId="7b1d54e1-0309-4906-b08f-8c7a4abdaf3e" testListId="8c84fa94-04c1-424b-9868-57a2d4851a1d" />
  </TestEntries>
  <TestLists>
    <TestList name="Results Not in a List" id="8c84fa94-04c1-424b-9868-57a2d4851a1d" />
    <TestList name="All Loaded Results" id="19431567-8539-422a-85d7-44ee4e166bda" />
  </TestLists>
  <ResultSummary outcome="Completed">
    <Counters total="3" executed="3" passed="3" failed="0" error="0" timeout="0" aborted="0" inconclusive="0" passedButRunAborted="0" notRunnable="0" notExecuted="0" disconnected="0" warning="0" completed="0" inProgress="0" pending="0" />
    <Output>
      <StdOut>[xUnit.net 00:00:00.00] xUnit.net VSTest Adapter v2.8.2+699d445a1a (64-bit .NET 9.0.11)
[xUnit.net 00:00:00.13]   Discovering: xi.Core.Tests
[xUnit.net 00:00:00.46]   Discovered:  xi.Core.Tests
[xUnit.net 00:00:00.48]   Starting:    xi.Core.Tests
[xUnit.net 00:00:00.61]   Finished:    xi.Core.Tests
</StdOut>
    </Output>
  </ResultSummary>
</TestRun>