<?xml version="1.0" encoding="utf-8"?>
<TestRun id="3281ad25-b248-4b9b-8069-e79c8a7dcc27" name="@Tutu17 2025-11-18 22:02:59" xmlns="http://microsoft.com/schemas/VisualStudio/TeamTest/2010">
  <Times creation="2025-11-18T22:02:59.7791107+08:00" queuing="2025-11-18T22:02:59.7791109+08:00" start="2025-11-18T22:02:58.1528310+08:00" finish="2025-11-18T22:02:59.7897283+08:00" />
  <TestSettings name="default" id="54713097-80bc-46c7-b8f7-f2e16014c00c">
    <Deployment runDeploymentRoot="_Tutu17_2025-11-18_22_02_59" />
  </TestSettings>
  <Results>
    <UnitTestResult executionId="dc0624c5-ad77-4fbd-b736-31e1c7412a93" testId="dcf3ce9c-5b84-c610-66f7-79cd6dca5988" testName="Xi.Core.Tests.GraphemeNavigatorSmokeTests.CrossLeafGraphemeRequestsNeighborTelemetry" computerName="Tutu17" duration="00:00:00.0059188" startTime="2025-11-18T22:02:59.5019430+08:00" endTime="2025-11-18T22:02:59.5019432+08:00" testType="13cdc9d9-ddb5-4fa4-a97d-d965ccfc6d4b" outcome="Passed" testListId="8c84fa94-04c1-424b-9868-57a2d4851a1d" relativeResultsDirectory="dc0624c5-ad77-4fbd-b736-31e1c7412a93" />
    <UnitTestResult executionId="86f35871-bc27-41c7-aba2-0d33d424e081" testId="ac55c292-3380-5a06-e586-7d09d579f51a" testName="Xi.Core.Tests.GraphemeNavigatorSmokeTests.MovePreviousAcrossEmojiSequenceRewindsEntireCluster" computerName="Tutu17" duration="00:00:00.0002962" startTime="2025-11-18T22:02:59.5024797+08:00" endTime="2025-11-18T22:02:59.5024798+08:00" testType="13cdc9d9-ddb5-4fa4-a97d-d965ccfc6d4b" outcome="Passed" testListId="8c84fa94-04c1-424b-9868-57a2d4851a1d" relativeResultsDirectory="86f35871-bc27-41c7-aba2-0d33d424e081" />
    <UnitTestResult executionId="cac56c99-e799-46f4-88a5-208161ea2b23" testId="3e7ed428-8507-028d-1b61-ca7dca7bd95c" testName="Xi.Core.Tests.GraphemeNavigatorSmokeTests.MoveNextAcrossSurrogatePairAdvancesTwoCodeUnits" computerName="Tutu17" duration="00:00:00.0259304" startTime="2025-11-18T22:02:59.4952198+08:00" endTime="2025-11-18T22:02:59.4952648+08:00" testType="13cdc9d9-ddb5-4fa4-a97d-d965ccfc6d4b" outcome="Passed" testListId="8c84fa94-04c1-424b-9868-57a2d4851a1d" relativeResultsDirectory="cac56c99-e799-46f4-88a5-208161ea2b23" />
  </Results>
  <TestDefinitions>
    <UnitTest name="Xi.Core.Tests.GraphemeNavigatorSmokeTests.CrossLeafGraphemeRequestsNeighborTelemetry" storage="/repos/xi-editor-sharp/tests/xi.core.tests/bin/debug/net9.0/xi.core.tests.dll" id="dcf3ce9c-5b84-c610-66f7-79cd6dca5988">
      <Execution id="dc0624c5-ad77-4fbd-b736-31e1c7412a93" />
      <TestMethod codeBase="/repos/xi-editor-sharp/tests/xi.Core.Tests/bin/Debug/net9.0/xi.Core.Tests.dll" adapterTypeName="executor://xunit/VsTestRunner2/netcoreapp" className="Xi.Core.Tests.GraphemeNavigatorSmokeTests" name="CrossLeafGraphemeRequestsNeighborTelemetry" />
    </UnitTest>
    <UnitTest name="Xi.Core.Tests.GraphemeNavigatorSmokeTests.MoveNextAcrossSurrogatePairAdvancesTwoCodeUnits" storage="/repos/xi-editor-sharp/tests/xi.core.tests/bin/debug/net9.0/xi.core.tests.dll" id="3e7ed428-8507-028d-1b61-ca7dca7bd95c">
      <Execution id="cac56c99-e799-46f4-88a5-208161ea2b23" />
      <TestMethod codeBase="/repos/xi-editor-sharp/tests/xi.Core.Tests/bin/Debug/net9.0/xi.Core.Tests.dll" adapterTypeName="executor://xunit/VsTestRunner2/netcoreapp" className="Xi.Core.Tests.GraphemeNavigatorSmokeTests" name="MoveNextAcrossSurrogatePairAdvancesTwoCodeUnits" />
    </UnitTest>
    <UnitTest name="Xi.Core.Tests.GraphemeNavigatorSmokeTests.MovePreviousAcrossEmojiSequenceRewindsEntireCluster" storage="/repos/xi-editor-sharp/tests/xi.core.tests/bin/debug/net9.0/xi.core.tests.dll" id="ac55c292-3380-5a06-e586-7d09d579f51a">
      <Execution id="86f35871-bc27-41c7-aba2-0d33d424e081" />
      <TestMethod codeBase="/repos/xi-editor-sharp/tests/xi.Core.Tests/bin/Debug/net9.0/xi.Core.Tests.dll" adapterTypeName="executor://xunit/VsTestRunner2/netcoreapp" className="Xi.Core.Tests.GraphemeNavigatorSmokeTests" name="MovePreviousAcrossEmojiSequenceRewindsEntireCluster" />
    </UnitTest>
  </TestDefinitions>
  <TestEntries>
    <TestEntry testId="dcf3ce9c-5b84-c610-66f7-79cd6dca5988" executionId="dc0624c5-ad77-4fbd-b736-31e1c7412a93" testListId="8c84fa94-04c1-424b-9868-57a2d4851a1d" />
    <TestEntry testId="ac55c292-3380-5a06-e586-7d09d579f51a" executionId="86f35871-bc27-41c7-aba2-0d33d424e081" testListId="8c84fa94-04c1-424b-9868-57a2d4851a1d" />
    <TestEntry testId="3e7ed428-8507-028d-1b61-ca7dca7bd95c" executionId="cac56c99-e799-46f4-88a5-208161ea2b23" testListId="8c84fa94-04c1-424b-9868-57a2d4851a1d" />
  </TestEntries>
  <TestLists>
    <TestList name="Results Not in a List" id="8c84fa94-04c1-424b-9868-57a2d4851a1d" />
    <TestList name="All Loaded Results" id="19431567-8539-422a-85d7-44ee4e166bda" />
  </TestLists>
  <ResultSummary outcome="Completed">
    <Counters total="3" executed="3" passed="3" failed="0" error="0" timeout="0" aborted="0" inconclusive="0" passedButRunAborted="0" notRunnable="0" notExecuted="0" disconnected="0" warning="0" completed="0" inProgress="0" pending="0" />
    <Output>
      <StdOut>[xUnit.net 00:00:00.00] xUnit.net VSTest Adapter v2.8.2+699d445a1a (64-bit .NET 9.0.11)
[xUnit.net 00:00:00.13]   Discovering: xi.Core.Tests
[xUnit.net 00:00:00.43]   Discovered:  xi.Core.Tests
[xUnit.net 00:00:00.45]   Starting:    xi.Core.Tests
[xUnit.net 00:00:00.58]   Finished:    xi.Core.Tests
</StdOut>
    </Output>
  </ResultSummary>
</TestRun>