<?xml version="1.0" encoding="utf-8"?>
<TestRun id="e30e9ff6-f959-457c-a794-d5d19c8c92c8" name="@Tutu17 2025-11-19 04:35:25" xmlns="http://microsoft.com/schemas/VisualStudio/TeamTest/2010">
  <Times creation="2025-11-19T04:35:25.6775594+08:00" queuing="2025-11-19T04:35:25.6775599+08:00" start="2025-11-19T04:35:23.7317194+08:00" finish="2025-11-19T04:35:25.6972940+08:00" />
  <TestSettings name="default" id="cd6c3a54-a064-4328-a8d5-08cab5702f67">
    <Deployment runDeploymentRoot="_Tutu17_2025-11-19_04_35_25" />
  </TestSettings>
  <Results>
    <UnitTestResult executionId="0d6298ea-6a0f-43f4-8975-4092ced75277" testId="3e7ed428-8507-028d-1b61-ca7dca7bd95c" testName="Xi.Core.Tests.GraphemeNavigatorSmokeTests.MoveNextAcrossSurrogatePairAdvancesTwoCodeUnits" computerName="Tutu17" duration="00:00:00.0347763" startTime="2025-11-19T04:35:25.2584887+08:00" endTime="2025-11-19T04:35:25.2585531+08:00" testType="13cdc9d9-ddb5-4fa4-a97d-d965ccfc6d4b" outcome="Passed" testListId="8c84fa94-04c1-424b-9868-57a2d4851a1d" relativeResultsDirectory="0d6298ea-6a0f-43f4-8975-4092ced75277" />
    <UnitTestResult executionId="cb81611b-a8ca-4e0b-b719-a8d30be7589f" testId="ac55c292-3380-5a06-e586-7d09d579f51a" testName="Xi.Core.Tests.GraphemeNavigatorSmokeTests.MovePreviousAcrossEmojiSequenceRewindsEntireCluster" computerName="Tutu17" duration="00:00:00.0004804" startTime="2025-11-19T04:35:25.2707318+08:00" endTime="2025-11-19T04:35:25.2707319+08:00" testType="13cdc9d9-ddb5-4fa4-a97d-d965ccfc6d4b" outcome="Passed" testListId="8c84fa94-04c1-424b-9868-57a2d4851a1d" relativeResultsDirectory="cb81611b-a8ca-4e0b-b719-a8d30be7589f" />
    <UnitTestResult executionId="cd970b19-7870-4087-97a2-2e7a557bd6d9" testId="dcf3ce9c-5b84-c610-66f7-79cd6dca5988" testName="Xi.Core.Tests.GraphemeNavigatorSmokeTests.CrossLeafGraphemeRequestsNeighborTelemetry" computerName="Tutu17" duration="00:00:00.0124751" startTime="2025-11-19T04:35:25.2697521+08:00" endTime="2025-11-19T04:35:25.2697523+08:00" testType="13cdc9d9-ddb5-4fa4-a97d-d965ccfc6d4b" outcome="Passed" testListId="8c84fa94-04c1-424b-9868-57a2d4851a1d" relativeResultsDirectory="cd970b19-7870-4087-97a2-2e7a557bd6d9" />
  </Results>
  <TestDefinitions>
    <UnitTest name="Xi.Core.Tests.GraphemeNavigatorSmokeTests.CrossLeafGraphemeRequestsNeighborTelemetry" storage="/repos/xi-editor-sharp/tests/xi.core.tests/bin/debug/net9.0/xi.core.tests.dll" id="dcf3ce9c-5b84-c610-66f7-79cd6dca5988">
      <Execution id="cd970b19-7870-4087-97a2-2e7a557bd6d9" />
      <TestMethod codeBase="/repos/xi-editor-sharp/tests/xi.Core.Tests/bin/Debug/net9.0/xi.Core.Tests.dll" adapterTypeName="executor://xunit/VsTestRunner2/netcoreapp" className="Xi.Core.Tests.GraphemeNavigatorSmokeTests" name="CrossLeafGraphemeRequestsNeighborTelemetry" />
    </UnitTest>
    <UnitTest name="Xi.Core.Tests.GraphemeNavigatorSmokeTests.MoveNextAcrossSurrogatePairAdvancesTwoCodeUnits" storage="/repos/xi-editor-sharp/tests/xi.core.tests/bin/debug/net9.0/xi.core.tests.dll" id="3e7ed428-8507-028d-1b61-ca7dca7bd95c">
      <Execution id="0d6298ea-6a0f-43f4-8975-4092ced75277" />
      <TestMethod codeBase="/repos/xi-editor-sharp/tests/xi.Core.Tests/bin/Debug/net9.0/xi.Core.Tests.dll" adapterTypeName="executor://xunit/VsTestRunner2/netcoreapp" className="Xi.Core.Tests.GraphemeNavigatorSmokeTests" name="MoveNextAcrossSurrogatePairAdvancesTwoCodeUnits" />
    </UnitTest>
    <UnitTest name="Xi.Core.Tests.GraphemeNavigatorSmokeTests.MovePreviousAcrossEmojiSequenceRewindsEntireCluster" storage="/repos/xi-editor-sharp/tests/xi.core.tests/bin/debug/net9.0/xi.core.tests.dll" id="ac55c292-3380-5a06-e586-7d09d579f51a">
      <Execution id="cb81611b-a8ca-4e0b-b719-a8d30be7589f" />
      <TestMethod codeBase="/repos/xi-editor-sharp/tests/xi.Core.Tests/bin/Debug/net9.0/xi.Core.Tests.dll" adapterTypeName="executor://xunit/VsTestRunner2/netcoreapp" className="Xi.Core.Tests.GraphemeNavigatorSmokeTests" name="MovePreviousAcrossEmojiSequenceRewindsEntireCluster" />
    </UnitTest>
  </TestDefinitions>
  <TestEntries>
    <TestEntry testId="3e7ed428-8507-028d-1b61-ca7dca7bd95c" executionId="0d6298ea-6a0f-43f4-8975-4092ced75277" testListId="8c84fa94-04c1-424b-9868-57a2d4851a1d" />
    <TestEntry testId="ac55c292-3380-5a06-e586-7d09d579f51a" executionId="cb81611b-a8ca-4e0b-b719-a8d30be7589f" testListId="8c84fa94-04c1-424b-9868-57a2d4851a1d" />
    <TestEntry testId="dcf3ce9c-5b84-c610-66f7-79cd6dca5988" executionId="cd970b19-7870-4087-97a2-2e7a557bd6d9" testListId="8c84fa94-04c1-424b-9868-57a2d4851a1d" />
  </TestEntries>
  <TestLists>
    <TestList name="Results Not in a List" id="8c84fa94-04c1-424b-9868-57a2d4851a1d" />
    <TestList name="All Loaded Results" id="19431567-8539-422a-85d7-44ee4e166bda" />
  </TestLists>
  <ResultSummary outcome="Completed">
    <Counters total="3" executed="3" passed="3" failed="0" error="0" timeout="0" aborted="0" inconclusive="0" passedButRunAborted="0" notRunnable="0" notExecuted="0" disconnected="0" warning="0" completed="0" inProgress="0" pending="0" />
    <Output>
      <StdOut>[xUnit.net 00:00:00.00] xUnit.net VSTest Adapter v2.8.2+699d445a1a (64-bit .NET 9.0.11)
[xUnit.net 00:00:00.15]   Discovering: xi.Core.Tests
[xUnit.net 00:00:00.57]   Discovered:  xi.Core.Tests
[xUnit.net 00:00:00.58]   Starting:    xi.Core.Tests
[xUnit.net 00:00:00.75]   Finished:    xi.Core.Tests
</StdOut>
    </Output>
  </ResultSummary>
</TestRun>